<?xml version="1.0" encoding="UTF-8"?>
<!-- Generated by org.testng.reporters.JUnitXMLReporter -->
<testsuite ignored="1" hostname="Sasi" failures="0" tests="5" name="Test" time="0.052" errors="0" timestamp="2023-07-28T13:20:28 IST">
  <testcase classname="TestNG.Priority" name="test1" time="0.006"/>
  <testcase classname="TestNG.Priority" name="test2" time="0.001"/>
  <testcase classname="TestNG.Priority" name="test3" time="0.001"/>
  <testcase classname="TestNG.Invocationcount" name="test1" time="0.0"/>
  <testcase classname="TestNG.Invocationcount" name="test1" time="0.0"/>
  <testcase classname="TestNG.Invocationcount" name="test3" time="0.0">
    <ignored/>
  </testcase> <!-- test3 -->
</testsuite> <!-- Test -->
